#
# There is insufficient memory for the Java Runtime Environment to continue.
# Native memory allocation (mmap) failed to map 65536 bytes for Failed to commit metaspace.
# Possible reasons:
#   The system is out of physical RAM or swap space
#   The process is running with CompressedOops enabled, and the Java Heap may be blocking the growth of the native heap
# Possible solutions:
#   Reduce memory load on the system
#   Increase physical memory or swap space
#   Check if swap backing store is full
#   Decrease Java heap size (-Xmx/-Xms)
#   Decrease number of Java threads
#   Decrease Java thread stack sizes (-Xss)
#   Set larger code cache with -XX:ReservedCodeCacheSize=
#   JVM is running with Unscaled Compressed Oops mode in which the Java heap is
#     placed in the first 4GB address space. The Java Heap base address is the
#     maximum limit for the native heap growth. Please use -XX:HeapBaseMinAddress
#     to set the Java Heap base and to place the Java Heap above 4GB virtual address.
# This output file may be truncated or incomplete.
#
#  Out of Memory Error (virtualSpaceNode.cpp:110), pid=12716, tid=16528
#
# JRE version: OpenJDK Runtime Environment (17.0.9) (build 17.0.9+0--11185874)
# Java VM: OpenJDK 64-Bit Server VM (17.0.9+0--11185874, mixed mode, tiered, compressed oops, compressed class ptrs, g1 gc, windows-amd64)
# No core dump will be written. Minidumps are not enabled by default on client versions of Windows
#

---------------  S U M M A R Y ------------

Command Line: -Dorg.gradle.appname=gradlew org.gradle.wrapper.GradleWrapperMain -q -Ptarget-platform=android-x64 -Ptarget=D:\coolyeah\semester 4\pemrograman mobile\tugas\uas\uas_mobile\lib\main.dart -Pbase-application-name=android.app.Application -Pdart-defines=Zmx1dHRlci5pbnNwZWN0b3Iuc3RydWN0dXJlZEVycm9ycz10cnVl,RkxVVFRFUl9XRUJfQ0FOVkFTS0lUX1VSTD1odHRwczovL3d3dy5nc3RhdGljLmNvbS9mbHV0dGVyLWNhbnZhc2tpdC9lZGQ4NTQ2MTE2NDU3YmRmMWM1YmRmYjEzZWNiOTQ2M2QyYmI1ZWQ0Lw== -Pdart-obfuscation=false -Ptrack-widget-creation=true -Ptree-shake-icons=false -Pfilesystem-scheme=org-dartlang-root assembleDebug

Host: AMD Ryzen 3 5300U with Radeon Graphics         , 8 cores, 5G,  Windows 11 , 64 bit Build 22621 (10.0.22621.3672)
Time: Wed Jun 19 12:07:30 2024 Malay Peninsula Standard Time elapsed time: 4.092931 seconds (0d 0h 0m 4s)

---------------  T H R E A D  ---------------

Current thread (0x000002148909e9f0):  JavaThread "main" [_thread_in_vm, id=16528, stack(0x0000009d74600000,0x0000009d74700000)]

Stack: [0x0000009d74600000,0x0000009d74700000]
Native frames: (J=compiled Java code, j=interpreted, Vv=VM code, C=native code)
V  [jvm.dll+0x6886e9]
V  [jvm.dll+0x841e4a]
V  [jvm.dll+0x843a8e]
V  [jvm.dll+0x8440f3]
V  [jvm.dll+0x24c14f]
V  [jvm.dll+0x83ce2b]
V  [jvm.dll+0x62cae6]
V  [jvm.dll+0x62cb4a]
V  [jvm.dll+0x62f37a]
V  [jvm.dll+0x62d486]
V  [jvm.dll+0x23fe0f]
V  [jvm.dll+0x637335]
V  [jvm.dll+0x1ef15b]
V  [jvm.dll+0x1ef695]
V  [jvm.dll+0x1f0035]
V  [jvm.dll+0x1e54cc]
V  [jvm.dll+0x54e1bc]
V  [jvm.dll+0x1f607b]
V  [jvm.dll+0x7ba54b]
V  [jvm.dll+0x7bb9bc]
V  [jvm.dll+0x7bbd08]
V  [jvm.dll+0x243bae]
V  [jvm.dll+0x3882ce]
C  0x0000021493abb5a5

The last pc belongs to new (printed below).
Java frames: (J=compiled Java code, j=interpreted, Vv=VM code)
j  sun.reflect.annotation.AnnotationParser$1.run()Ljava/lang/annotation/Annotation;+18 java.base@17.0.9
j  sun.reflect.annotation.AnnotationParser$1.run()Ljava/lang/Object;+1 java.base@17.0.9
j  java.security.AccessController.executePrivileged(Ljava/security/PrivilegedAction;Ljava/security/AccessControlContext;Ljava/lang/Class;)Ljava/lang/Object;+29 java.base@17.0.9
j  java.security.AccessController.doPrivileged(Ljava/security/PrivilegedAction;)Ljava/lang/Object;+5 java.base@17.0.9
j  sun.reflect.annotation.AnnotationParser.annotationForMap(Ljava/lang/Class;Ljava/util/Map;)Ljava/lang/annotation/Annotation;+9 java.base@17.0.9
j  sun.reflect.annotation.AnnotationParser.parseAnnotation2(Ljava/nio/ByteBuffer;Ljdk/internal/reflect/ConstantPool;Ljava/lang/Class;Z[Ljava/lang/Class;)Ljava/lang/annotation/Annotation;+267 java.base@17.0.9
j  sun.reflect.annotation.AnnotationParser.parseAnnotations2([BLjdk/internal/reflect/ConstantPool;Ljava/lang/Class;[Ljava/lang/Class;)Ljava/util/Map;+41 java.base@17.0.9
j  sun.reflect.annotation.AnnotationParser.parseSelectAnnotations([BLjdk/internal/reflect/ConstantPool;Ljava/lang/Class;[Ljava/lang/Class;)Ljava/util/Map;+12 java.base@17.0.9
j  sun.reflect.annotation.AnnotationType.<init>(Ljava/lang/Class;)V+291 java.base@17.0.9
j  sun.reflect.annotation.AnnotationType.getInstance(Ljava/lang/Class;)Lsun/reflect/annotation/AnnotationType;+21 java.base@17.0.9
j  sun.reflect.annotation.AnnotationParser.parseAnnotation2(Ljava/nio/ByteBuffer;Ljdk/internal/reflect/ConstantPool;Ljava/lang/Class;Z[Ljava/lang/Class;)Ljava/lang/annotation/Annotation;+103 java.base@17.0.9
j  sun.reflect.annotation.AnnotationParser.parseAnnotations2([BLjdk/internal/reflect/ConstantPool;Ljava/lang/Class;[Ljava/lang/Class;)Ljava/util/Map;+41 java.base@17.0.9
j  sun.reflect.annotation.AnnotationParser.parseAnnotations([BLjdk/internal/reflect/ConstantPool;Ljava/lang/Class;)Ljava/util/Map;+12 java.base@17.0.9
j  java.lang.Class.createAnnotationData(I)Ljava/lang/Class$AnnotationData;+9 java.base@17.0.9
j  java.lang.Class.annotationData()Ljava/lang/Class$AnnotationData;+26 java.base@17.0.9
j  java.lang.Class.getAnnotation(Ljava/lang/Class;)Ljava/lang/annotation/Annotation;+6 java.base@17.0.9
j  org.gradle.internal.service.DefaultServiceRegistry$ClassInspector$ClassDetails.locateAnnotation(Ljava/lang/Class;)Z+31
j  org.gradle.internal.service.DefaultServiceRegistry$ClassInspector$ClassDetails.hasAnnotation(Ljava/lang/Class;)Z+20
j  org.gradle.internal.service.DefaultServiceRegistry$ClassInspector.hasAnnotation(Ljava/lang/Class;Ljava/lang/Class;)Z+6
j  org.gradle.internal.service.DefaultServiceRegistry$OwnServices.annotationHandlerCreated(Lorg/gradle/internal/service/AnnotatedServiceLifecycleHandler;)V+57
j  org.gradle.internal.service.DefaultServiceRegistry$OwnServices.instanceRealized(Lorg/gradle/internal/service/DefaultServiceRegistry$ManagedObjectServiceProvider;Ljava/lang/Object;)V+72
j  org.gradle.internal.service.DefaultServiceRegistry$ManagedObjectServiceProvider.setInstance(Ljava/lang/Object;)V+14
j  org.gradle.internal.service.DefaultServiceRegistry$ManagedObjectServiceProvider.getInstance()Ljava/lang/Object;+27
j  org.gradle.internal.service.DefaultServiceRegistry$SingletonService.get()Ljava/lang/Object;+1
j  org.gradle.internal.service.DefaultServiceRegistry$FactoryService.assembleParameters()[Ljava/lang/Object;+44
j  org.gradle.internal.service.DefaultServiceRegistry$FactoryService.createServiceInstance()Ljava/lang/Object;+1
j  org.gradle.internal.service.DefaultServiceRegistry$ManagedObjectServiceProvider.getInstance()Ljava/lang/Object;+24
j  org.gradle.internal.service.DefaultServiceRegistry$SingletonService.get()Ljava/lang/Object;+1
j  org.gradle.internal.service.DefaultServiceRegistry.find(Ljava/lang/reflect/Type;)Ljava/lang/Object;+22
j  org.gradle.internal.service.DefaultServiceRegistry.get(Ljava/lang/reflect/Type;)Ljava/lang/Object;+2
j  org.gradle.internal.service.DefaultServiceRegistry.get(Ljava/lang/Class;)Ljava/lang/Object;+3
j  org.gradle.launcher.daemon.client.DaemonClientServicesSupport.createDaemonClient(Lorg/gradle/internal/id/IdGenerator;)Lorg/gradle/launcher/daemon/client/DaemonClient;+24
v  ~StubRoutines::call_stub
j  jdk.internal.reflect.NativeMethodAccessorImpl.invoke0(Ljava/lang/reflect/Method;Ljava/lang/Object;[Ljava/lang/Object;)Ljava/lang/Object;+0 java.base@17.0.9
j  jdk.internal.reflect.NativeMethodAccessorImpl.invoke(Ljava/lang/Object;[Ljava/lang/Object;)Ljava/lang/Object;+133 java.base@17.0.9
j  jdk.internal.reflect.DelegatingMethodAccessorImpl.invoke(Ljava/lang/Object;[Ljava/lang/Object;)Ljava/lang/Object;+6 java.base@17.0.9
j  java.lang.reflect.Method.invoke(Ljava/lang/Object;[Ljava/lang/Object;)Ljava/lang/Object;+59 java.base@17.0.9
j  org.gradle.internal.reflect.JavaMethod.invoke(Ljava/lang/Object;[Ljava/lang/Object;)Ljava/lang/Object;+6
j  org.gradle.internal.service.ReflectionBasedServiceMethod.invoke(Ljava/lang/Object;[Ljava/lang/Object;)Ljava/lang/Object;+6
j  org.gradle.internal.service.DefaultServiceRegistry$FactoryMethodService.invokeMethod([Ljava/lang/Object;)Ljava/lang/Object;+9
j  org.gradle.internal.service.DefaultServiceRegistry$FactoryService.createServiceInstance()Ljava/lang/Object;+7
j  org.gradle.internal.service.DefaultServiceRegistry$ManagedObjectServiceProvider.getInstance()Ljava/lang/Object;+24
j  org.gradle.internal.service.DefaultServiceRegistry$SingletonService.get()Ljava/lang/Object;+1
j  org.gradle.internal.service.DefaultServiceRegistry.find(Ljava/lang/reflect/Type;)Ljava/lang/Object;+22
j  org.gradle.internal.service.DefaultServiceRegistry.get(Ljava/lang/reflect/Type;)Ljava/lang/Object;+2
j  org.gradle.internal.service.DefaultServiceRegistry.get(Ljava/lang/Class;)Ljava/lang/Object;+3
j  org.gradle.launcher.cli.BuildActionsFactory.runBuildWithDaemon(Lorg/gradle/api/internal/StartParameterInternal;Lorg/gradle/launcher/daemon/configuration/DaemonParameters;)Ljava/lang/Runnable;+44
j  org.gradle.launcher.cli.BuildActionsFactory.createAction(Lorg/gradle/cli/CommandLineParser;Lorg/gradle/cli/ParsedCommandLine;)Lorg/gradle/api/Action;+163
j  org.gradle.launcher.cli.DefaultCommandLineActionFactory$ParseAndBuildAction.createAction(Lorg/gradle/cli/CommandLineParser;Lorg/gradle/cli/ParsedCommandLine;)Lorg/gradle/api/Action;+46
j  org.gradle.launcher.cli.DefaultCommandLineActionFactory$ParseAndBuildAction.execute(Lorg/gradle/launcher/bootstrap/ExecutionListener;)V+37
j  org.gradle.launcher.cli.DefaultCommandLineActionFactory$ParseAndBuildAction.execute(Ljava/lang/Object;)V+5
j  org.gradle.launcher.cli.DebugLoggerWarningAction.execute(Lorg/gradle/launcher/bootstrap/ExecutionListener;)V+9
j  org.gradle.launcher.cli.DebugLoggerWarningAction.execute(Ljava/lang/Object;)V+5
j  org.gradle.launcher.cli.WelcomeMessageAction.execute(Lorg/gradle/launcher/bootstrap/ExecutionListener;)V+218
j  org.gradle.launcher.cli.WelcomeMessageAction.execute(Ljava/lang/Object;)V+5
j  org.gradle.launcher.cli.NativeServicesInitializingAction.execute(Lorg/gradle/launcher/bootstrap/ExecutionListener;)V+35
j  org.gradle.launcher.cli.NativeServicesInitializingAction.execute(Ljava/lang/Object;)V+5
j  org.gradle.launcher.cli.ExceptionReportingAction.execute(Lorg/gradle/launcher/bootstrap/ExecutionListener;)V+5
j  org.gradle.launcher.cli.ExceptionReportingAction.execute(Ljava/lang/Object;)V+5
j  org.gradle.launcher.cli.DefaultCommandLineActionFactory$WithLogging.execute(Lorg/gradle/launcher/bootstrap/ExecutionListener;)V+299
j  org.gradle.launcher.Main.doAction([Ljava/lang/String;Lorg/gradle/launcher/bootstrap/ExecutionListener;)V+14
j  org.gradle.launcher.bootstrap.EntryPoint.run([Ljava/lang/String;)V+12
v  ~StubRoutines::call_stub
j  jdk.internal.reflect.NativeMethodAccessorImpl.invoke0(Ljava/lang/reflect/Method;Ljava/lang/Object;[Ljava/lang/Object;)Ljava/lang/Object;+0 java.base@17.0.9
j  jdk.internal.reflect.NativeMethodAccessorImpl.invoke(Ljava/lang/Object;[Ljava/lang/Object;)Ljava/lang/Object;+133 java.base@17.0.9
j  jdk.internal.reflect.DelegatingMethodAccessorImpl.invoke(Ljava/lang/Object;[Ljava/lang/Object;)Ljava/lang/Object;+6 java.base@17.0.9
j  java.lang.reflect.Method.invoke(Ljava/lang/Object;[Ljava/lang/Object;)Ljava/lang/Object;+59 java.base@17.0.9
j  org.gradle.launcher.bootstrap.ProcessBootstrap.runNoExit(Ljava/lang/String;[Ljava/lang/String;)V+159
j  org.gradle.launcher.bootstrap.ProcessBootstrap.run(Ljava/lang/String;[Ljava/lang/String;)V+2
v  ~StubRoutines::call_stub
j  jdk.internal.reflect.NativeMethodAccessorImpl.invoke0(Ljava/lang/reflect/Method;Ljava/lang/Object;[Ljava/lang/Object;)Ljava/lang/Object;+0 java.base@17.0.9
j  jdk.internal.reflect.NativeMethodAccessorImpl.invoke(Ljava/lang/Object;[Ljava/lang/Object;)Ljava/lang/Object;+133 java.base@17.0.9
j  jdk.internal.reflect.DelegatingMethodAccessorImpl.invoke(Ljava/lang/Object;[Ljava/lang/Object;)Ljava/lang/Object;+6 java.base@17.0.9
j  java.lang.reflect.Method.invoke(Ljava/lang/Object;[Ljava/lang/Object;)Ljava/lang/Object;+59 java.base@17.0.9
j  org.gradle.launcher.GradleMain.main([Ljava/lang/String;)V+100
v  ~StubRoutines::call_stub
j  jdk.internal.reflect.NativeMethodAccessorImpl.invoke0(Ljava/lang/reflect/Method;Ljava/lang/Object;[Ljava/lang/Object;)Ljava/lang/Object;+0 java.base@17.0.9
j  jdk.internal.reflect.NativeMethodAccessorImpl.invoke(Ljava/lang/Object;[Ljava/lang/Object;)Ljava/lang/Object;+133 java.base@17.0.9
j  jdk.internal.reflect.DelegatingMethodAccessorImpl.invoke(Ljava/lang/Object;[Ljava/lang/Object;)Ljava/lang/Object;+6 java.base@17.0.9
j  java.lang.reflect.Method.invoke(Ljava/lang/Object;[Ljava/lang/Object;)Ljava/lang/Object;+59 java.base@17.0.9
j  org.gradle.wrapper.BootstrapMainStarter.start([Ljava/lang/String;Ljava/io/File;)V+82
j  org.gradle.wrapper.WrapperExecutor.execute([Ljava/lang/String;Lorg/gradle/wrapper/Install;Lorg/gradle/wrapper/BootstrapMainStarter;)V+14
j  org.gradle.wrapper.GradleWrapperMain.main([Ljava/lang/String;)V+190
v  ~StubRoutines::call_stub
new  187 new  [0x0000021493abb420, 0x0000021493abb640]  544 bytes
[MachCode]
  0x0000021493abb420: 4883 ec08 | c5fa 1104 | 24eb 1f48 | 83ec 10c5 | fb11 0424 | eb14 4883 | ec10 4889 | 0424 48c7 
  0x0000021493abb440: 4424 0800 | 0000 00eb | 0150 410f | b755 010f | cac1 ea10 | 488b 4de8 | 488b 4908 | 488b 4908 
  0x0000021493abb460: 488b 4108 | 807c 1004 | 070f 85d6 | 0000 0066 | 8b54 d148 | 488b 4928 | 488b 4cd1 | 0851 80b9 
  0x0000021493abb480: 5b01 0000 | 040f 85b9 | 0000 008b | 5108 f7c2 | 0100 0000 | 0f85 aa00 | 0000 498b | 8708 0100 
  0x0000021493abb4a0: 0048 8d1c | 1049 3b9f | 1801 0000 | 0f87 9200 | 0000 4989 | 9f08 0100 | 00e9 0000 | 0000 4883 
  0x0000021493abb4c0: ea10 0f84 | 0f00 0000 | 33c9 c1ea | 0348 894c | d008 48ff | ca75 f648 | c700 0100 | 0000 5933 
  0x0000021493abb4e0: f689 700c | 48c1 e903 | 8948 0849 | ba3e 3925 | 28fb 7f00 | 0041 803a | 000f 8440 | 0000 0050 
  0x0000021493abb500: 488b c848 | 83ec 20f7 | c40f 0000 | 000f 841a | 0000 0048 | 83ec 0849 | baf0 ecda | 27fb 7f00 
  0x0000021493abb520: 0041 ffd2 | 4883 c408 | e90d 0000 | 0049 baf0 | ecda 27fb | 7f00 0041 | ffd2 4883 | c420 58e9 
  0x0000021493abb540: cd00 0000 | 5948 8b55 | e848 8b52 | 0848 8b52 | 0845 0fb7 | 4501 410f | c841 c1e8 | 10e8 0500 
  0x0000021493abb560: 0000 e9aa | 0000 0048 | 8d44 2408 | 4c89 6dc0 | 498b cfc5 | f877 4989 | afa8 0200 | 0049 8987 
  0x0000021493abb580: 9802 0000 | 4883 ec20 | f7c4 0f00 | 0000 0f84 | 1a00 0000 | 4883 ec08 | 49ba 8082 | a427 fb7f 
  0x0000021493abb5a0: 0000 41ff | d248 83c4 | 08e9 0d00 | 0000 49ba | 8082 a427 | fb7f 0000 | 41ff d248 | 83c4 2049 
  0x0000021493abb5c0: c787 9802 | 0000 0000 | 0000 49c7 | 87a8 0200 | 0000 0000 | 0049 c787 | a002 0000 | 0000 0000 
  0x0000021493abb5e0: c5f8 7749 | 817f 0800 | 0000 000f | 8405 0000 | 00e9 0a59 | feff 498b | 87f0 0200 | 0049 c787 
  0x0000021493abb600: f002 0000 | 0000 0000 | 4c8b 6dc0 | 4c8b 75c8 | c341 0fb6 | 5d03 4983 | c503 49ba | 409f 2728 
  0x0000021493abb620: fb7f 0000 | 41ff 24da | 0000 0000 | 0000 0000 | 0000 0000 | 0000 0000 | 0000 0000 | 0000 0000 
[/MachCode]

---------------  P R O C E S S  ---------------

Threads class SMR info:
_java_thread_list=0x00000214a6c91eb0, length=13, elements={
0x000002148909e9f0, 0x00000214a1aeb260, 0x00000214a1aec0e0, 0x00000214a1afe900,
0x00000214a1ad42f0, 0x00000214a1ad4f70, 0x00000214a1ad6940, 0x00000214a60264f0,
0x00000214a6027740, 0x00000214a6028140, 0x00000214a619c230, 0x00000214a61a3a50,
0x00000214a6b327b0
}

Java Threads: ( => current thread )
=>0x000002148909e9f0 JavaThread "main" [_thread_in_vm, id=16528, stack(0x0000009d74600000,0x0000009d74700000)]
  0x00000214a1aeb260 JavaThread "Reference Handler" daemon [_thread_blocked, id=3088, stack(0x0000009d74d00000,0x0000009d74e00000)]
  0x00000214a1aec0e0 JavaThread "Finalizer" daemon [_thread_blocked, id=3396, stack(0x0000009d74e00000,0x0000009d74f00000)]
  0x00000214a1afe900 JavaThread "Signal Dispatcher" daemon [_thread_blocked, id=12892, stack(0x0000009d74f00000,0x0000009d75000000)]
  0x00000214a1ad42f0 JavaThread "Attach Listener" daemon [_thread_blocked, id=12400, stack(0x0000009d75000000,0x0000009d75100000)]
  0x00000214a1ad4f70 JavaThread "Service Thread" daemon [_thread_blocked, id=448, stack(0x0000009d75100000,0x0000009d75200000)]
  0x00000214a1ad6940 JavaThread "Monitor Deflation Thread" daemon [_thread_blocked, id=21824, stack(0x0000009d75200000,0x0000009d75300000)]
  0x00000214a60264f0 JavaThread "C2 CompilerThread0" daemon [_thread_in_native, id=24160, stack(0x0000009d75300000,0x0000009d75400000)]
  0x00000214a6027740 JavaThread "C1 CompilerThread0" daemon [_thread_blocked, id=11676, stack(0x0000009d75400000,0x0000009d75500000)]
  0x00000214a6028140 JavaThread "Sweeper thread" daemon [_thread_blocked, id=8572, stack(0x0000009d75500000,0x0000009d75600000)]
  0x00000214a619c230 JavaThread "Notification Thread" daemon [_thread_blocked, id=524, stack(0x0000009d75600000,0x0000009d75700000)]
  0x00000214a61a3a50 JavaThread "Common-Cleaner" daemon [_thread_blocked, id=5660, stack(0x0000009d75800000,0x0000009d75900000)]
  0x00000214a6b327b0 JavaThread "pool-1-thread-1" [_thread_blocked, id=7204, stack(0x0000009d75900000,0x0000009d75a00000)]

Other Threads:
  0x00000214a1ac5940 VMThread "VM Thread" [stack: 0x0000009d74c00000,0x0000009d74d00000] [id=21588]
  0x00000214a619c710 WatcherThread [stack: 0x0000009d75700000,0x0000009d75800000] [id=17796]
  0x00000214890ea6d0 GCTaskThread "GC Thread#0" [stack: 0x0000009d74700000,0x0000009d74800000] [id=10976]
  0x00000214a6923500 GCTaskThread "GC Thread#1" [stack: 0x0000009d75a00000,0x0000009d75b00000] [id=21312]
  0x00000214a6922740 GCTaskThread "GC Thread#2" [stack: 0x0000009d75b00000,0x0000009d75c00000] [id=25452]
  0x00000214a6921f00 GCTaskThread "GC Thread#3" [stack: 0x0000009d75c00000,0x0000009d75d00000] [id=12052]
  0x00000214a6923240 GCTaskThread "GC Thread#4" [stack: 0x0000009d75d00000,0x0000009d75e00000] [id=26200]
  0x00000214890f71e0 ConcurrentGCThread "G1 Main Marker" [stack: 0x0000009d74800000,0x0000009d74900000] [id=20716]
  0x00000214890f83a0 ConcurrentGCThread "G1 Conc#0" [stack: 0x0000009d74900000,0x0000009d74a00000] [id=16632]
  0x000002148914c520 ConcurrentGCThread "G1 Refine#0" [stack: 0x0000009d74a00000,0x0000009d74b00000] [id=26040]
  0x000002148914cf50 ConcurrentGCThread "G1 Service" [stack: 0x0000009d74b00000,0x0000009d74c00000] [id=20804]

Threads with active compile tasks:

VM state: not at safepoint (normal execution)

VM Mutex/Monitor currently owned by a thread:  ([mutex/lock_event])
[0x0000021489099b00] Metaspace_lock - owner thread: 0x000002148909e9f0

Heap address: 0x00000000a2200000, size: 1502 MB, Compressed Oops mode: 32-bit

CDS archive(s) not mapped
Compressed class space mapped at: 0x0000000100000000-0x0000000140000000, reserved size: 1073741824
Narrow klass base: 0x0000000000000000, Narrow klass shift: 3, Narrow klass range: 0x140000000

GC Precious Log:
 CPUs: 8 total, 8 available
 Memory: 6005M
 Large Page Support: Disabled
 NUMA Support: Disabled
 Compressed Oops: Enabled (32-bit)
 Heap Region Size: 1M
 Heap Min Capacity: 8M
 Heap Initial Capacity: 94M
 Heap Max Capacity: 1502M
 Pre-touch: Disabled
 Parallel Workers: 8
 Concurrent Workers: 2
 Concurrent Refinement Workers: 8
 Periodic GC: Disabled

Heap:
 garbage-first heap   total 96256K, used 15820K [0x00000000a2200000, 0x0000000100000000)
  region size 1024K, 10 young (10240K), 3 survivors (3072K)
 Metaspace       used 13581K, committed 13760K, reserved 1114112K
  class space    used 1555K, committed 1664K, reserved 1048576K

Heap Regions: E=young(eden), S=young(survivor), O=old, HS=humongous(starts), HC=humongous(continues), CS=collection set, F=free, OA=open archive, CA=closed archive, TAMS=top-at-mark-start (previous, next)
|   0|0x00000000a2200000, 0x00000000a2300000, 0x00000000a2300000|100%|HS|  |TAMS 0x00000000a2200000, 0x00000000a2200000| Complete 
|   1|0x00000000a2300000, 0x00000000a2400000, 0x00000000a2400000|100%|HC|  |TAMS 0x00000000a2300000, 0x00000000a2300000| Complete 
|   2|0x00000000a2400000, 0x00000000a2500000, 0x00000000a2500000|100%|HC|  |TAMS 0x00000000a2400000, 0x00000000a2400000| Complete 
|   3|0x00000000a2500000, 0x00000000a2600000, 0x00000000a2600000|100%| O|  |TAMS 0x00000000a2500000, 0x00000000a2500000| Untracked 
|   4|0x00000000a2600000, 0x00000000a2700000, 0x00000000a2700000|100%| O|  |TAMS 0x00000000a2600000, 0x00000000a2600000| Untracked 
|   5|0x00000000a2700000, 0x00000000a2800000, 0x00000000a2800000|100%| O|  |TAMS 0x00000000a2700000, 0x00000000a2700000| Untracked 
|   6|0x00000000a2800000, 0x00000000a2873200, 0x00000000a2900000| 44%| O|  |TAMS 0x00000000a2800000, 0x00000000a2800000| Untracked 
|   7|0x00000000a2900000, 0x00000000a2900000, 0x00000000a2a00000|  0%| F|  |TAMS 0x00000000a2900000, 0x00000000a2900000| Untracked 
|   8|0x00000000a2a00000, 0x00000000a2a00000, 0x00000000a2b00000|  0%| F|  |TAMS 0x00000000a2a00000, 0x00000000a2a00000| Untracked 
|   9|0x00000000a2b00000, 0x00000000a2b00000, 0x00000000a2c00000|  0%| F|  |TAMS 0x00000000a2b00000, 0x00000000a2b00000| Untracked 
|  10|0x00000000a2c00000, 0x00000000a2c00000, 0x00000000a2d00000|  0%| F|  |TAMS 0x00000000a2c00000, 0x00000000a2c00000| Untracked 
|  11|0x00000000a2d00000, 0x00000000a2d00000, 0x00000000a2e00000|  0%| F|  |TAMS 0x00000000a2d00000, 0x00000000a2d00000| Untracked 
|  12|0x00000000a2e00000, 0x00000000a2e00000, 0x00000000a2f00000|  0%| F|  |TAMS 0x00000000a2e00000, 0x00000000a2e00000| Untracked 
|  13|0x00000000a2f00000, 0x00000000a2f00000, 0x00000000a3000000|  0%| F|  |TAMS 0x00000000a2f00000, 0x00000000a2f00000| Untracked 
|  14|0x00000000a3000000, 0x00000000a3000000, 0x00000000a3100000|  0%| F|  |TAMS 0x00000000a3000000, 0x00000000a3000000| Untracked 
|  15|0x00000000a3100000, 0x00000000a3100000, 0x00000000a3200000|  0%| F|  |TAMS 0x00000000a3100000, 0x00000000a3100000| Untracked 
|  16|0x00000000a3200000, 0x00000000a3200000, 0x00000000a3300000|  0%| F|  |TAMS 0x00000000a3200000, 0x00000000a3200000| Untracked 
|  17|0x00000000a3300000, 0x00000000a3300000, 0x00000000a3400000|  0%| F|  |TAMS 0x00000000a3300000, 0x00000000a3300000| Untracked 
|  18|0x00000000a3400000, 0x00000000a3400000, 0x00000000a3500000|  0%| F|  |TAMS 0x00000000a3400000, 0x00000000a3400000| Untracked 
|  19|0x00000000a3500000, 0x00000000a3500000, 0x00000000a3600000|  0%| F|  |TAMS 0x00000000a3500000, 0x00000000a3500000| Untracked 
|  20|0x00000000a3600000, 0x00000000a3600000, 0x00000000a3700000|  0%| F|  |TAMS 0x00000000a3600000, 0x00000000a3600000| Untracked 
|  21|0x00000000a3700000, 0x00000000a3700000, 0x00000000a3800000|  0%| F|  |TAMS 0x00000000a3700000, 0x00000000a3700000| Untracked 
|  22|0x00000000a3800000, 0x00000000a3800000, 0x00000000a3900000|  0%| F|  |TAMS 0x00000000a3800000, 0x00000000a3800000| Untracked 
|  23|0x00000000a3900000, 0x00000000a3900000, 0x00000000a3a00000|  0%| F|  |TAMS 0x00000000a3900000, 0x00000000a3900000| Untracked 
|  24|0x00000000a3a00000, 0x00000000a3a00000, 0x00000000a3b00000|  0%| F|  |TAMS 0x00000000a3a00000, 0x00000000a3a00000| Untracked 
|  25|0x00000000a3b00000, 0x00000000a3b00000, 0x00000000a3c00000|  0%| F|  |TAMS 0x00000000a3b00000, 0x00000000a3b00000| Untracked 
|  26|0x00000000a3c00000, 0x00000000a3c00000, 0x00000000a3d00000|  0%| F|  |TAMS 0x00000000a3c00000, 0x00000000a3c00000| Untracked 
|  27|0x00000000a3d00000, 0x00000000a3d00000, 0x00000000a3e00000|  0%| F|  |TAMS 0x00000000a3d00000, 0x00000000a3d00000| Untracked 
|  28|0x00000000a3e00000, 0x00000000a3e00000, 0x00000000a3f00000|  0%| F|  |TAMS 0x00000000a3e00000, 0x00000000a3e00000| Untracked 
|  29|0x00000000a3f00000, 0x00000000a3f00000, 0x00000000a4000000|  0%| F|  |TAMS 0x00000000a3f00000, 0x00000000a3f00000| Untracked 
|  30|0x00000000a4000000, 0x00000000a4000000, 0x00000000a4100000|  0%| F|  |TAMS 0x00000000a4000000, 0x00000000a4000000| Untracked 
|  31|0x00000000a4100000, 0x00000000a4100000, 0x00000000a4200000|  0%| F|  |TAMS 0x00000000a4100000, 0x00000000a4100000| Untracked 
|  32|0x00000000a4200000, 0x00000000a4200000, 0x00000000a4300000|  0%| F|  |TAMS 0x00000000a4200000, 0x00000000a4200000| Untracked 
|  33|0x00000000a4300000, 0x00000000a4300000, 0x00000000a4400000|  0%| F|  |TAMS 0x00000000a4300000, 0x00000000a4300000| Untracked 
|  34|0x00000000a4400000, 0x00000000a4400000, 0x00000000a4500000|  0%| F|  |TAMS 0x00000000a4400000, 0x00000000a4400000| Untracked 
|  35|0x00000000a4500000, 0x00000000a4500000, 0x00000000a4600000|  0%| F|  |TAMS 0x00000000a4500000, 0x00000000a4500000| Untracked 
|  36|0x00000000a4600000, 0x00000000a4600000, 0x00000000a4700000|  0%| F|  |TAMS 0x00000000a4600000, 0x00000000a4600000| Untracked 
|  37|0x00000000a4700000, 0x00000000a4700000, 0x00000000a4800000|  0%| F|  |TAMS 0x00000000a4700000, 0x00000000a4700000| Untracked 
|  38|0x00000000a4800000, 0x00000000a4800000, 0x00000000a4900000|  0%| F|  |TAMS 0x00000000a4800000, 0x00000000a4800000| Untracked 
|  39|0x00000000a4900000, 0x00000000a4900000, 0x00000000a4a00000|  0%| F|  |TAMS 0x00000000a4900000, 0x00000000a4900000| Untracked 
|  40|0x00000000a4a00000, 0x00000000a4a00000, 0x00000000a4b00000|  0%| F|  |TAMS 0x00000000a4a00000, 0x00000000a4a00000| Untracked 
|  41|0x00000000a4b00000, 0x00000000a4b00000, 0x00000000a4c00000|  0%| F|  |TAMS 0x00000000a4b00000, 0x00000000a4b00000| Untracked 
|  42|0x00000000a4c00000, 0x00000000a4c00000, 0x00000000a4d00000|  0%| F|  |TAMS 0x00000000a4c00000, 0x00000000a4c00000| Untracked 
|  43|0x00000000a4d00000, 0x00000000a4d00000, 0x00000000a4e00000|  0%| F|  |TAMS 0x00000000a4d00000, 0x00000000a4d00000| Untracked 
|  44|0x00000000a4e00000, 0x00000000a4e00000, 0x00000000a4f00000|  0%| F|  |TAMS 0x00000000a4e00000, 0x00000000a4e00000| Untracked 
|  45|0x00000000a4f00000, 0x00000000a4f00000, 0x00000000a5000000|  0%| F|  |TAMS 0x00000000a4f00000, 0x00000000a4f00000| Untracked 
|  46|0x00000000a5000000, 0x00000000a5000000, 0x00000000a5100000|  0%| F|  |TAMS 0x00000000a5000000, 0x00000000a5000000| Untracked 
|  47|0x00000000a5100000, 0x00000000a5100000, 0x00000000a5200000|  0%| F|  |TAMS 0x00000000a5100000, 0x00000000a5100000| Untracked 
|  48|0x00000000a5200000, 0x00000000a5200000, 0x00000000a5300000|  0%| F|  |TAMS 0x00000000a5200000, 0x00000000a5200000| Untracked 
|  49|0x00000000a5300000, 0x00000000a5300000, 0x00000000a5400000|  0%| F|  |TAMS 0x00000000a5300000, 0x00000000a5300000| Untracked 
|  50|0x00000000a5400000, 0x00000000a5400000, 0x00000000a5500000|  0%| F|  |TAMS 0x00000000a5400000, 0x00000000a5400000| Untracked 
|  51|0x00000000a5500000, 0x00000000a5500000, 0x00000000a5600000|  0%| F|  |TAMS 0x00000000a5500000, 0x00000000a5500000| Untracked 
|  52|0x00000000a5600000, 0x00000000a5600000, 0x00000000a5700000|  0%| F|  |TAMS 0x00000000a5600000, 0x00000000a5600000| Untracked 
|  53|0x00000000a5700000, 0x00000000a5700000, 0x00000000a5800000|  0%| F|  |TAMS 0x00000000a5700000, 0x00000000a5700000| Untracked 
|  54|0x00000000a5800000, 0x00000000a5800000, 0x00000000a5900000|  0%| F|  |TAMS 0x00000000a5800000, 0x00000000a5800000| Untracked 
|  55|0x00000000a5900000, 0x00000000a5900000, 0x00000000a5a00000|  0%| F|  |TAMS 0x00000000a5900000, 0x00000000a5900000| Untracked 
|  56|0x00000000a5a00000, 0x00000000a5a00000, 0x00000000a5b00000|  0%| F|  |TAMS 0x00000000a5a00000, 0x00000000a5a00000| Untracked 
|  57|0x00000000a5b00000, 0x00000000a5b00000, 0x00000000a5c00000|  0%| F|  |TAMS 0x00000000a5b00000, 0x00000000a5b00000| Untracked 
|  58|0x00000000a5c00000, 0x00000000a5c00000, 0x00000000a5d00000|  0%| F|  |TAMS 0x00000000a5c00000, 0x00000000a5c00000| Untracked 
|  59|0x00000000a5d00000, 0x00000000a5d00000, 0x00000000a5e00000|  0%| F|  |TAMS 0x00000000a5d00000, 0x00000000a5d00000| Untracked 
|  60|0x00000000a5e00000, 0x00000000a5e00000, 0x00000000a5f00000|  0%| F|  |TAMS 0x00000000a5e00000, 0x00000000a5e00000| Untracked 
|  61|0x00000000a5f00000, 0x00000000a5f00000, 0x00000000a6000000|  0%| F|  |TAMS 0x00000000a5f00000, 0x00000000a5f00000| Untracked 
|  62|0x00000000a6000000, 0x00000000a6000000, 0x00000000a6100000|  0%| F|  |TAMS 0x00000000a6000000, 0x00000000a6000000| Untracked 
|  63|0x00000000a6100000, 0x00000000a6100000, 0x00000000a6200000|  0%| F|  |TAMS 0x00000000a6100000, 0x00000000a6100000| Untracked 
|  64|0x00000000a6200000, 0x00000000a6200000, 0x00000000a6300000|  0%| F|  |TAMS 0x00000000a6200000, 0x00000000a6200000| Untracked 
|  65|0x00000000a6300000, 0x00000000a6300000, 0x00000000a6400000|  0%| F|  |TAMS 0x00000000a6300000, 0x00000000a6300000| Untracked 
|  66|0x00000000a6400000, 0x00000000a6400000, 0x00000000a6500000|  0%| F|  |TAMS 0x00000000a6400000, 0x00000000a6400000| Untracked 
|  67|0x00000000a6500000, 0x00000000a6500000, 0x00000000a6600000|  0%| F|  |TAMS 0x00000000a6500000, 0x00000000a6500000| Untracked 
|  68|0x00000000a6600000, 0x00000000a6700000, 0x00000000a6700000|100%| S|CS|TAMS 0x00000000a6600000, 0x00000000a6600000| Complete 
|  69|0x00000000a6700000, 0x00000000a6800000, 0x00000000a6800000|100%| S|CS|TAMS 0x00000000a6700000, 0x00000000a6700000| Complete 
|  70|0x00000000a6800000, 0x00000000a6900000, 0x00000000a6900000|100%| S|CS|TAMS 0x00000000a6800000, 0x00000000a6800000| Complete 
|  71|0x00000000a6900000, 0x00000000a6900000, 0x00000000a6a00000|  0%| F|  |TAMS 0x00000000a6900000, 0x00000000a6900000| Untracked 
|  72|0x00000000a6a00000, 0x00000000a6a00000, 0x00000000a6b00000|  0%| F|  |TAMS 0x00000000a6a00000, 0x00000000a6a00000| Untracked 
|  73|0x00000000a6b00000, 0x00000000a6b00000, 0x00000000a6c00000|  0%| F|  |TAMS 0x00000000a6b00000, 0x00000000a6b00000| Untracked 
|  74|0x00000000a6c00000, 0x00000000a6c00000, 0x00000000a6d00000|  0%| F|  |TAMS 0x00000000a6c00000, 0x00000000a6c00000| Untracked 
|  75|0x00000000a6d00000, 0x00000000a6d00000, 0x00000000a6e00000|  0%| F|  |TAMS 0x00000000a6d00000, 0x00000000a6d00000| Untracked 
|  76|0x00000000a6e00000, 0x00000000a6e00000, 0x00000000a6f00000|  0%| F|  |TAMS 0x00000000a6e00000, 0x00000000a6e00000| Untracked 
|  77|0x00000000a6f00000, 0x00000000a6f00000, 0x00000000a7000000|  0%| F|  |TAMS 0x00000000a6f00000, 0x00000000a6f00000| Untracked 
|  78|0x00000000a7000000, 0x00000000a7000000, 0x00000000a7100000|  0%| F|  |TAMS 0x00000000a7000000, 0x00000000a7000000| Untracked 
|  79|0x00000000a7100000, 0x00000000a7100000, 0x00000000a7200000|  0%| F|  |TAMS 0x00000000a7100000, 0x00000000a7100000| Untracked 
|  80|0x00000000a7200000, 0x00000000a7200000, 0x00000000a7300000|  0%| F|  |TAMS 0x00000000a7200000, 0x00000000a7200000| Untracked 
|  81|0x00000000a7300000, 0x00000000a7300000, 0x00000000a7400000|  0%| F|  |TAMS 0x00000000a7300000, 0x00000000a7300000| Untracked 
|  82|0x00000000a7400000, 0x00000000a7400000, 0x00000000a7500000|  0%| F|  |TAMS 0x00000000a7400000, 0x00000000a7400000| Untracked 
|  83|0x00000000a7500000, 0x00000000a7500000, 0x00000000a7600000|  0%| F|  |TAMS 0x00000000a7500000, 0x00000000a7500000| Untracked 
|  84|0x00000000a7600000, 0x00000000a7600000, 0x00000000a7700000|  0%| F|  |TAMS 0x00000000a7600000, 0x00000000a7600000| Untracked 
|  85|0x00000000a7700000, 0x00000000a7700000, 0x00000000a7800000|  0%| F|  |TAMS 0x00000000a7700000, 0x00000000a7700000| Untracked 
|  86|0x00000000a7800000, 0x00000000a7800000, 0x00000000a7900000|  0%| F|  |TAMS 0x00000000a7800000, 0x00000000a7800000| Untracked 
|  87|0x00000000a7900000, 0x00000000a7a00000, 0x00000000a7a00000|100%| E|  |TAMS 0x00000000a7900000, 0x00000000a7900000| Complete 
|  88|0x00000000a7a00000, 0x00000000a7b00000, 0x00000000a7b00000|100%| E|CS|TAMS 0x00000000a7a00000, 0x00000000a7a00000| Complete 
|  89|0x00000000a7b00000, 0x00000000a7c00000, 0x00000000a7c00000|100%| E|CS|TAMS 0x00000000a7b00000, 0x00000000a7b00000| Complete 
|  90|0x00000000a7c00000, 0x00000000a7d00000, 0x00000000a7d00000|100%| E|CS|TAMS 0x00000000a7c00000, 0x00000000a7c00000| Complete 
|  91|0x00000000a7d00000, 0x00000000a7e00000, 0x00000000a7e00000|100%| E|CS|TAMS 0x00000000a7d00000, 0x00000000a7d00000| Complete 
|  92|0x00000000a7e00000, 0x00000000a7f00000, 0x00000000a7f00000|100%| E|CS|TAMS 0x00000000a7e00000, 0x00000000a7e00000| Complete 
|  93|0x00000000a7f00000, 0x00000000a8000000, 0x00000000a8000000|100%| E|CS|TAMS 0x00000000a7f00000, 0x00000000a7f00000| Complete 

Card table byte_map: [0x000002149bb90000,0x000002149be80000] _byte_map_base: 0x000002149b67f000

Marking Bits (Prev, Next): (CMBitMap*) 0x00000214890eacf0, (CMBitMap*) 0x00000214890ead30
 Prev Bits: [0x000002149c170000, 0x000002149d8e8000)
 Next Bits: [0x000002149d8f0000, 0x000002149f068000)

Polling page: 0x0000021487090000

Metaspace:

Usage:
  Non-class:     11.74 MB used.
      Class:      1.52 MB used.
       Both:     13.26 MB used.

Virtual space:
  Non-class space:       64.00 MB reserved,      11.81 MB ( 18%) committed,  1 nodes.
      Class space:        1.00 GB reserved,       1.62 MB ( <1%) committed,  1 nodes.
             Both:        1.06 GB reserved,      13.44 MB (  1%) committed. 

Chunk freelists:
   Non-Class:  3.97 MB
       Class:  14.33 MB
        Both:  18.30 MB

MaxMetaspaceSize: unlimited
CompressedClassSpaceSize: 1.00 GB
Initial GC threshold: 21.00 MB
Current GC threshold: 21.00 MB
CDS: off
MetaspaceReclaimPolicy: balanced
 - commit_granule_bytes: 65536.
 - commit_granule_words: 8192.
 - virtual_space_node_default_size: 8388608.
 - enlarge_chunks_in_place: 1.
 - new_chunks_are_fully_committed: 0.
 - uncommit_free_chunks: 1.
 - use_allocation_guard: 0.
 - handle_deallocations: 1.


Internal statistics:

num_allocs_failed_limit: 0.
num_arena_births: 62.
num_arena_deaths: 0.
num_vsnodes_births: 2.
num_vsnodes_deaths: 0.
num_space_committed: 215.
num_space_uncommitted: 0.
num_chunks_returned_to_freelist: 0.
num_chunks_taken_from_freelist: 232.
num_chunk_merges: 0.
num_chunk_splits: 152.
num_chunks_enlarged: 128.
num_inconsistent_stats: 0.

CodeHeap 'non-profiled nmethods': size=120000Kb used=401Kb max_used=401Kb free=119598Kb
 bounds [0x0000021494040000, 0x00000214942b0000, 0x000002149b570000]
CodeHeap 'profiled nmethods': size=120000Kb used=1802Kb max_used=1802Kb free=118197Kb
 bounds [0x000002148c570000, 0x000002148c7e0000, 0x0000021493aa0000]
CodeHeap 'non-nmethods': size=5760Kb used=1143Kb max_used=1161Kb free=4616Kb
 bounds [0x0000021493aa0000, 0x0000021493d10000, 0x0000021494040000]
 total_blobs=1423 nmethods=992 adapters=344
 compilation: enabled
              stopped_count=0, restarted_count=0
 full_count=0

Compilation events (20 events):
Event: 4.027 Thread 0x00000214a6027740 nmethod 976 0x000002148c72e110 code [0x000002148c72e3c0, 0x000002148c72f598]
Event: 4.027 Thread 0x00000214a6027740  977       3       java.util.LinkedList$ListItr::next (56 bytes)
Event: 4.028 Thread 0x00000214a60264f0  978       4       java.lang.StringBuilder::toString (35 bytes)
Event: 4.028 Thread 0x00000214a6027740 nmethod 977 0x000002148c72fa90 code [0x000002148c72fc80, 0x000002148c730158]
Event: 4.028 Thread 0x00000214a6027740  979       3       sun.reflect.generics.parser.SignatureParser::skipIdentifier (67 bytes)
Event: 4.029 Thread 0x00000214a6027740 nmethod 979 0x000002148c730310 code [0x000002148c730520, 0x000002148c730aa8]
Event: 4.029 Thread 0x00000214a6027740  980       1       java.lang.reflect.Method::getGenericSignature (5 bytes)
Event: 4.029 Thread 0x00000214a6027740 nmethod 980 0x000002149409e510 code [0x000002149409e6a0, 0x000002149409e778]
Event: 4.033 Thread 0x00000214a6027740  983       3       java.lang.Class::reflectionData (43 bytes)
Event: 4.033 Thread 0x00000214a6027740 nmethod 983 0x000002148c730c90 code [0x000002148c730e60, 0x000002148c731258]
Event: 4.034 Thread 0x00000214a60264f0 nmethod 978 0x000002149409e810 code [0x000002149409e9a0, 0x000002149409edf8]
Event: 4.034 Thread 0x00000214a60264f0  982   !   4       jdk.internal.loader.URLClassPath$JarLoader::getResource (354 bytes)
Event: 4.049 Thread 0x00000214a6027740  984       1       java.lang.invoke.VarHandle::isDirect (2 bytes)
Event: 4.049 Thread 0x00000214a6027740 nmethod 984 0x000002149409f390 code [0x000002149409f520, 0x000002149409f5f8]
Event: 4.060 Thread 0x00000214a6027740  987       3       java.lang.invoke.LambdaForm$Name::<init> (44 bytes)
Event: 4.061 Thread 0x00000214a6027740 nmethod 987 0x000002148c731390 code [0x000002148c7315a0, 0x000002148c731b48]
Event: 4.061 Thread 0x00000214a6027740  988       3       java.lang.invoke.LambdaForm$NamedFunction::returnType (11 bytes)
Event: 4.062 Thread 0x00000214a6027740 nmethod 988 0x000002148c731e10 code [0x000002148c732000, 0x000002148c732468]
Event: 4.062 Thread 0x00000214a6027740  991       3       java.lang.invoke.MethodType::toMethodDescriptorString (28 bytes)
Event: 4.062 Thread 0x00000214a6027740 nmethod 991 0x000002148c732690 code [0x000002148c732840, 0x000002148c732a28]

GC Heap History (2 events):
Event: 3.389 GC heap before
{Heap before GC invocations=0 (full 0):
 garbage-first heap   total 96256K, used 25600K [0x00000000a2200000, 0x0000000100000000)
  region size 1024K, 23 young (23552K), 0 survivors (0K)
 Metaspace       used 11572K, committed 11648K, reserved 1114112K
  class space    used 1235K, committed 1280K, reserved 1048576K
}
Event: 3.432 GC heap after
{Heap after GC invocations=1 (full 0):
 garbage-first heap   total 96256K, used 9676K [0x00000000a2200000, 0x0000000100000000)
  region size 1024K, 3 young (3072K), 3 survivors (3072K)
 Metaspace       used 11572K, committed 11648K, reserved 1114112K
  class space    used 1235K, committed 1280K, reserved 1048576K
}

Dll operation events (2 events):
Event: 0.020 Loaded shared library C:\Program Files\Android\Android Studio\jbr\bin\java.dll
Event: 0.305 Loaded shared library C:\Program Files\Android\Android Studio\jbr\bin\verify.dll

Deoptimization events (20 events):
Event: 3.864 Thread 0x000002148909e9f0 DEOPT PACKING pc=0x000002149409b124 sp=0x0000009d746fb110
Event: 3.864 Thread 0x000002148909e9f0 DEOPT UNPACKING pc=0x0000021493af69a3 sp=0x0000009d746fb098 mode 2
Event: 3.864 Thread 0x000002148909e9f0 Uncommon trap: trap_request=0xffffffde fr.pc=0x000002149409b124 relative=0x0000000000000104
Event: 3.864 Thread 0x000002148909e9f0 Uncommon trap: reason=class_check action=maybe_recompile pc=0x000002149409b124 method=jdk.internal.misc.Unsafe.allocateUninitializedArray(Ljava/lang/Class;I)Ljava/lang/Object; @ 51 c2
Event: 3.864 Thread 0x000002148909e9f0 DEOPT PACKING pc=0x000002149409b124 sp=0x0000009d746fb1b0
Event: 3.864 Thread 0x000002148909e9f0 DEOPT UNPACKING pc=0x0000021493af69a3 sp=0x0000009d746fb138 mode 2
Event: 3.864 Thread 0x000002148909e9f0 Uncommon trap: trap_request=0xffffffde fr.pc=0x000002149409b124 relative=0x0000000000000104
Event: 3.864 Thread 0x000002148909e9f0 Uncommon trap: reason=class_check action=maybe_recompile pc=0x000002149409b124 method=jdk.internal.misc.Unsafe.allocateUninitializedArray(Ljava/lang/Class;I)Ljava/lang/Object; @ 51 c2
Event: 3.864 Thread 0x000002148909e9f0 DEOPT PACKING pc=0x000002149409b124 sp=0x0000009d746fb1e0
Event: 3.864 Thread 0x000002148909e9f0 DEOPT UNPACKING pc=0x0000021493af69a3 sp=0x0000009d746fb168 mode 2
Event: 3.864 Thread 0x000002148909e9f0 Uncommon trap: trap_request=0xffffffde fr.pc=0x000002149409b124 relative=0x0000000000000104
Event: 3.864 Thread 0x000002148909e9f0 Uncommon trap: reason=class_check action=maybe_recompile pc=0x000002149409b124 method=jdk.internal.misc.Unsafe.allocateUninitializedArray(Ljava/lang/Class;I)Ljava/lang/Object; @ 51 c2
Event: 3.864 Thread 0x000002148909e9f0 DEOPT PACKING pc=0x000002149409b124 sp=0x0000009d746fb280
Event: 3.864 Thread 0x000002148909e9f0 DEOPT UNPACKING pc=0x0000021493af69a3 sp=0x0000009d746fb208 mode 2
Event: 3.953 Thread 0x000002148909e9f0 Uncommon trap: trap_request=0xffffff45 fr.pc=0x0000021494072ec8 relative=0x0000000000000fa8
Event: 3.953 Thread 0x000002148909e9f0 Uncommon trap: reason=unstable_if action=reinterpret pc=0x0000021494072ec8 method=java.util.HashMap.putVal(ILjava/lang/Object;Ljava/lang/Object;ZZ)Ljava/lang/Object; @ 236 c2
Event: 3.953 Thread 0x000002148909e9f0 DEOPT PACKING pc=0x0000021494072ec8 sp=0x0000009d746fc080
Event: 3.953 Thread 0x000002148909e9f0 DEOPT UNPACKING pc=0x0000021493af69a3 sp=0x0000009d746fc048 mode 2
Event: 4.002 Thread 0x000002148909e9f0 DEOPT PACKING pc=0x000002148c60ce65 sp=0x0000009d746f8400
Event: 4.002 Thread 0x000002148909e9f0 DEOPT UNPACKING pc=0x0000021493af7143 sp=0x0000009d746f7850 mode 0

Classes unloaded (0 events):
No events

Classes redefined (0 events):
No events

Internal exceptions (13 events):
Event: 0.624 Thread 0x000002148909e9f0 Exception <a 'java/lang/NoSuchMethodError'{0x00000000a7c2c9b0}: 'int java.lang.invoke.DirectMethodHandle$Holder.invokeStaticInit(java.lang.Object, java.lang.Object)'> (0x00000000a7c2c9b0) 
thrown [s\src\hotspot\share\interpreter\linkResolver.cpp, line 771]
Event: 2.893 Thread 0x000002148909e9f0 Exception <a 'java/lang/NoSuchMethodError'{0x00000000a6b45880}: 'void java.lang.invoke.DirectMethodHandle$Holder.invokeStatic(java.lang.Object, java.lang.Object)'> (0x00000000a6b45880) 
thrown [s\src\hotspot\share\interpreter\linkResolver.cpp, line 771]
Event: 2.935 Thread 0x000002148909e9f0 Exception <a 'java/lang/NoClassDefFoundError'{0x00000000a6bcdaf0}: org/slf4j/impl/StaticMarkerBinder> (0x00000000a6bcdaf0) 
thrown [s\src\hotspot\share\classfile\systemDictionary.cpp, line 245]
Event: 2.969 Thread 0x000002148909e9f0 Exception <a 'java/lang/NoSuchMethodError'{0x00000000a6a699c8}: 'java.lang.Object java.lang.invoke.DirectMethodHandle$Holder.invokeVirtual(java.lang.Object, java.lang.Object, java.lang.Object, java.lang.Object, java.lang.Object, java.lang.Object, java.lang.Object)'> (0x00000000a6a699c8) 
thrown [s\src\hotspot\share\interpreter\linkResolver.cpp, line 771]
Event: 2.973 Thread 0x000002148909e9f0 Exception <a 'java/lang/NoSuchMethodError'{0x00000000a6a7ba38}: 'java.lang.Object java.lang.invoke.Invokers$Holder.invoker(java.lang.Object, java.lang.Object, java.lang.Object)'> (0x00000000a6a7ba38) 
thrown [s\src\hotspot\share\interpreter\linkResolver.cpp, line 771]
Event: 2.980 Thread 0x000002148909e9f0 Exception <a 'java/lang/NoSuchMethodError'{0x00000000a6a84ae0}: 'java.lang.Object java.lang.invoke.DirectMethodHandle$Holder.invokeStatic(java.lang.Object, java.lang.Object, int)'> (0x00000000a6a84ae0) 
thrown [s\src\hotspot\share\interpreter\linkResolver.cpp, line 771]
Event: 2.983 Thread 0x000002148909e9f0 Exception <a 'java/lang/NoSuchMethodError'{0x00000000a6a907d0}: 'void java.lang.invoke.DelegatingMethodHandle$Holder.delegate(java.lang.Object, java.lang.Object, int, java.lang.Object)'> (0x00000000a6a907d0) 
thrown [s\src\hotspot\share\interpreter\linkResolver.cpp, line 771]
Event: 2.985 Thread 0x000002148909e9f0 Exception <a 'java/lang/NoSuchMethodError'{0x00000000a6a94918}: 'int java.lang.invoke.DirectMethodHandle$Holder.invokeSpecial(java.lang.Object, java.lang.Object, java.lang.Object)'> (0x00000000a6a94918) 
thrown [s\src\hotspot\share\interpreter\linkResolver.cpp, line 771]
Event: 2.990 Thread 0x000002148909e9f0 Exception <a 'java/lang/NoSuchMethodError'{0x00000000a6aa7ad0}: 'java.lang.Object java.lang.invoke.Invokers$Holder.invokeExact_MT(java.lang.Object, java.lang.Object, java.lang.Object, java.lang.Object)'> (0x00000000a6aa7ad0) 
thrown [s\src\hotspot\share\interpreter\linkResolver.cpp, line 771]
Event: 3.710 Thread 0x000002148909e9f0 Exception <a 'java/lang/NoSuchMethodError'{0x00000000a7c87550}: 'void java.lang.invoke.DirectMethodHandle$Holder.invokeSpecial(java.lang.Object, java.lang.Object, java.lang.Object)'> (0x00000000a7c87550) 
thrown [s\src\hotspot\share\interpreter\linkResolver.cpp, line 771]
Event: 3.781 Thread 0x000002148909e9f0 Implicit null exception at 0x0000021494089a13 to 0x0000021494089e4c
Event: 3.781 Thread 0x000002148909e9f0 Implicit null exception at 0x0000021494080b11 to 0x0000021494080f3c
Event: 3.879 Thread 0x000002148909e9f0 Exception <a 'java/lang/NoSuchMethodError'{0x00000000a7a27e88}: 'java.lang.Object java.lang.invoke.DirectMethodHandle$Holder.invokeStaticInit(java.lang.Object)'> (0x00000000a7a27e88) 
thrown [s\src\hotspot\share\interpreter\linkResolver.cpp, line 771]

VM Operations (12 events):
Event: 0.292 Executing VM operation: HandshakeAllThreads
Event: 0.292 Executing VM operation: HandshakeAllThreads done
Event: 1.305 Executing VM operation: Cleanup
Event: 1.305 Executing VM operation: Cleanup done
Event: 2.320 Executing VM operation: Cleanup
Event: 2.320 Executing VM operation: Cleanup done
Event: 2.492 Executing VM operation: HandshakeAllThreads
Event: 2.492 Executing VM operation: HandshakeAllThreads done
Event: 2.979 Executing VM operation: HandshakeAllThreads
Event: 2.979 Executing VM operation: HandshakeAllThreads done
Event: 3.266 Executing VM operation: G1CollectForAllocation
Event: 3.434 Executing VM operation: G1CollectForAllocation done

Events (20 events):
Event: 4.080 loading class java/lang/Class$AnnotationData done
Event: 4.081 loading class java/lang/reflect/GenericArrayType
Event: 4.082 loading class java/lang/reflect/GenericArrayType done
Event: 4.082 loading class sun/reflect/annotation/AnnotationType
Event: 4.082 loading class sun/reflect/annotation/AnnotationType done
Event: 4.083 loading class sun/reflect/annotation/AnnotationType$1
Event: 4.083 loading class sun/reflect/annotation/AnnotationType$1 done
Event: 4.083 loading class java/lang/annotation/Retention
Event: 4.083 loading class java/lang/annotation/Retention done
Event: 4.083 loading class java/lang/annotation/Inherited
Event: 4.083 loading class java/lang/annotation/Inherited done
Event: 4.083 loading class java/lang/annotation/RetentionPolicy
Event: 4.083 loading class java/lang/annotation/RetentionPolicy done
Event: 4.084 loading class sun/reflect/annotation/AnnotationTypeMismatchExceptionProxy
Event: 4.084 loading class sun/reflect/annotation/ExceptionProxy
Event: 4.084 loading class sun/reflect/annotation/ExceptionProxy done
Event: 4.084 loading class sun/reflect/annotation/AnnotationTypeMismatchExceptionProxy done
Event: 4.084 loading class sun/reflect/annotation/AnnotationParser$1
Event: 4.084 loading class sun/reflect/annotation/AnnotationParser$1 done
Event: 4.084 loading class sun/reflect/annotation/AnnotationInvocationHandler


Dynamic libraries:
0x00007ff6b3b20000 - 0x00007ff6b3b2a000 	C:\Program Files\Android\Android Studio\jbr\bin\java.exe
0x00007ffbb5010000 - 0x00007ffbb5227000 	C:\WINDOWS\SYSTEM32\ntdll.dll
0x00007ffbb3c30000 - 0x00007ffbb3cf4000 	C:\WINDOWS\System32\KERNEL32.DLL
0x00007ffbb2810000 - 0x00007ffbb2bbc000 	C:\WINDOWS\System32\KERNELBASE.dll
0x00007ffbb26f0000 - 0x00007ffbb2801000 	C:\WINDOWS\System32\ucrtbase.dll
0x00007ffbadbc0000 - 0x00007ffbadbd7000 	C:\Program Files\Android\Android Studio\jbr\bin\jli.dll
0x00007ffbb4200000 - 0x00007ffbb43ae000 	C:\WINDOWS\System32\USER32.dll
0x00007ffb87c20000 - 0x00007ffb87c3b000 	C:\Program Files\Android\Android Studio\jbr\bin\VCRUNTIME140.dll
0x00007ffb95860000 - 0x00007ffb95af3000 	C:\WINDOWS\WinSxS\amd64_microsoft.windows.common-controls_6595b64144ccf1df_6.0.22621.3672_none_2713b9d173822955\COMCTL32.dll
0x00007ffbb26c0000 - 0x00007ffbb26e6000 	C:\WINDOWS\System32\win32u.dll
0x00007ffbb3c00000 - 0x00007ffbb3c29000 	C:\WINDOWS\System32\GDI32.dll
0x00007ffbb2bc0000 - 0x00007ffbb2cd9000 	C:\WINDOWS\System32\gdi32full.dll
0x00007ffbb2340000 - 0x00007ffbb23da000 	C:\WINDOWS\System32\msvcp_win.dll
0x00007ffbb3b50000 - 0x00007ffbb3bf7000 	C:\WINDOWS\System32\msvcrt.dll
0x00007ffbb2f10000 - 0x00007ffbb2f41000 	C:\WINDOWS\System32\IMM32.DLL
0x00007ffb9d260000 - 0x00007ffb9d26c000 	C:\Program Files\Android\Android Studio\jbr\bin\vcruntime140_1.dll
0x00007ffb71410000 - 0x00007ffb7149d000 	C:\Program Files\Android\Android Studio\jbr\bin\msvcp140.dll
0x00007ffb276c0000 - 0x00007ffb28343000 	C:\Program Files\Android\Android Studio\jbr\bin\server\jvm.dll
0x00007ffbb2d50000 - 0x00007ffbb2e02000 	C:\WINDOWS\System32\ADVAPI32.dll
0x00007ffbb2ff0000 - 0x00007ffbb309a000 	C:\WINDOWS\System32\sechost.dll
0x00007ffbb23e0000 - 0x00007ffbb2408000 	C:\WINDOWS\System32\bcrypt.dll
0x00007ffbb4a00000 - 0x00007ffbb4b15000 	C:\WINDOWS\System32\RPCRT4.dll
0x00007ffbb2200000 - 0x00007ffbb224d000 	C:\WINDOWS\SYSTEM32\POWRPROF.dll
0x00007ffbacaf0000 - 0x00007ffbacaf9000 	C:\WINDOWS\SYSTEM32\WSOCK32.dll
0x00007ffbacb00000 - 0x00007ffbacb34000 	C:\WINDOWS\SYSTEM32\WINMM.dll
0x00007ffbb3e00000 - 0x00007ffbb3e71000 	C:\WINDOWS\System32\WS2_32.dll
0x00007ffba9920000 - 0x00007ffba992a000 	C:\WINDOWS\SYSTEM32\VERSION.dll
0x00007ffbb2030000 - 0x00007ffbb2043000 	C:\WINDOWS\SYSTEM32\UMPDC.dll
0x00007ffbb1370000 - 0x00007ffbb1388000 	C:\WINDOWS\SYSTEM32\kernel.appcore.dll
0x00007ffba9c00000 - 0x00007ffba9c0a000 	C:\Program Files\Android\Android Studio\jbr\bin\jimage.dll
0x00007ffbafd60000 - 0x00007ffbaff92000 	C:\WINDOWS\SYSTEM32\DBGHELP.DLL
0x00007ffbb4400000 - 0x00007ffbb4788000 	C:\WINDOWS\System32\combase.dll
0x00007ffbb4040000 - 0x00007ffbb4117000 	C:\WINDOWS\System32\OLEAUT32.dll
0x00007ffb9ec50000 - 0x00007ffb9ec82000 	C:\WINDOWS\SYSTEM32\dbgcore.DLL
0x00007ffbb2640000 - 0x00007ffbb26bb000 	C:\WINDOWS\System32\bcryptPrimitives.dll
0x00007ffb84e40000 - 0x00007ffb84e65000 	C:\Program Files\Android\Android Studio\jbr\bin\java.dll
0x00007ffb9a820000 - 0x00007ffb9a838000 	C:\Program Files\Android\Android Studio\jbr\bin\zip.dll
0x00007ffbb32f0000 - 0x00007ffbb3b4c000 	C:\WINDOWS\System32\SHELL32.dll
0x00007ffbb0290000 - 0x00007ffbb0b87000 	C:\WINDOWS\SYSTEM32\windows.storage.dll
0x00007ffbb0150000 - 0x00007ffbb028f000 	C:\WINDOWS\SYSTEM32\wintypes.dll
0x00007ffbb3d00000 - 0x00007ffbb3df4000 	C:\WINDOWS\System32\SHCORE.dll
0x00007ffbb30a0000 - 0x00007ffbb30fe000 	C:\WINDOWS\System32\shlwapi.dll
0x00007ffbb2270000 - 0x00007ffbb2291000 	C:\WINDOWS\SYSTEM32\profapi.dll
0x00007ffb9a7a0000 - 0x00007ffb9a7b9000 	C:\Program Files\Android\Android Studio\jbr\bin\net.dll
0x00007ffbad000000 - 0x00007ffbad136000 	C:\WINDOWS\SYSTEM32\WINHTTP.dll
0x00007ffbb17e0000 - 0x00007ffbb1849000 	C:\WINDOWS\system32\mswsock.dll
0x00007ffb9a690000 - 0x00007ffb9a6a6000 	C:\Program Files\Android\Android Studio\jbr\bin\nio.dll
0x00007ffba1b00000 - 0x00007ffba1b10000 	C:\Program Files\Android\Android Studio\jbr\bin\verify.dll
0x00007ffb7a210000 - 0x00007ffb7a237000 	C:\Users\User\.gradle\native\c067742578af261105cb4f569cf0c3c89f3d7b1fecec35dd04571415982c5e48\windows-amd64\native-platform.dll
0x00007ffba1e80000 - 0x00007ffba1e89000 	C:\Program Files\Android\Android Studio\jbr\bin\management.dll
0x00007ffba1b30000 - 0x00007ffba1b3b000 	C:\Program Files\Android\Android Studio\jbr\bin\management_ext.dll
0x00007ffbb3100000 - 0x00007ffbb3108000 	C:\WINDOWS\System32\PSAPI.DLL

dbghelp: loaded successfully - version: 4.0.5 - missing functions: none
symbol engine: initialized successfully - sym options: 0x614 - pdb path: .;C:\Program Files\Android\Android Studio\jbr\bin;C:\WINDOWS\SYSTEM32;C:\WINDOWS\WinSxS\amd64_microsoft.windows.common-controls_6595b64144ccf1df_6.0.22621.3672_none_2713b9d173822955;C:\Program Files\Android\Android Studio\jbr\bin\server;C:\Users\User\.gradle\native\c067742578af261105cb4f569cf0c3c89f3d7b1fecec35dd04571415982c5e48\windows-amd64

VM Arguments:
jvm_args: -Dorg.gradle.appname=gradlew 
java_command: org.gradle.wrapper.GradleWrapperMain -q -Ptarget-platform=android-x64 -Ptarget=D:\coolyeah\semester 4\pemrograman mobile\tugas\uas\uas_mobile\lib\main.dart -Pbase-application-name=android.app.Application -Pdart-defines=Zmx1dHRlci5pbnNwZWN0b3Iuc3RydWN0dXJlZEVycm9ycz10cnVl,RkxVVFRFUl9XRUJfQ0FOVkFTS0lUX1VSTD1odHRwczovL3d3dy5nc3RhdGljLmNvbS9mbHV0dGVyLWNhbnZhc2tpdC9lZGQ4NTQ2MTE2NDU3YmRmMWM1YmRmYjEzZWNiOTQ2M2QyYmI1ZWQ0Lw== -Pdart-obfuscation=false -Ptrack-widget-creation=true -Ptree-shake-icons=false -Pfilesystem-scheme=org-dartlang-root assembleDebug
java_class_path (initial): D:\coolyeah\semester 4\pemrograman mobile\tugas\uas\uas_mobile\android\\gradle\wrapper\gradle-wrapper.jar
Launcher Type: SUN_STANDARD

[Global flags]
     intx CICompilerCount                          = 4                                         {product} {ergonomic}
     uint ConcGCThreads                            = 2                                         {product} {ergonomic}
     uint G1ConcRefinementThreads                  = 8                                         {product} {ergonomic}
   size_t G1HeapRegionSize                         = 1048576                                   {product} {ergonomic}
    uintx GCDrainStackTargetSize                   = 64                                        {product} {ergonomic}
   size_t InitialHeapSize                          = 98566144                                  {product} {ergonomic}
   size_t MarkStackSize                            = 4194304                                   {product} {ergonomic}
   size_t MaxHeapSize                              = 1574961152                                {product} {ergonomic}
   size_t MaxNewSize                               = 944766976                                 {product} {ergonomic}
   size_t MinHeapDeltaBytes                        = 1048576                                   {product} {ergonomic}
   size_t MinHeapSize                              = 8388608                                   {product} {ergonomic}
    uintx NonNMethodCodeHeapSize                   = 5839372                                {pd product} {ergonomic}
    uintx NonProfiledCodeHeapSize                  = 122909434                              {pd product} {ergonomic}
    uintx ProfiledCodeHeapSize                     = 122909434                              {pd product} {ergonomic}
    uintx ReservedCodeCacheSize                    = 251658240                              {pd product} {ergonomic}
     bool SegmentedCodeCache                       = true                                      {product} {ergonomic}
   size_t SoftMaxHeapSize                          = 1574961152                             {manageable} {ergonomic}
     bool UseCompressedClassPointers               = true                           {product lp64_product} {ergonomic}
     bool UseCompressedOops                        = true                           {product lp64_product} {ergonomic}
     bool UseG1GC                                  = true                                      {product} {ergonomic}
     bool UseLargePagesIndividualAllocation        = false                                  {pd product} {ergonomic}

Logging:
Log output configuration:
 #0: stdout all=warning uptime,level,tags
 #1: stderr all=off uptime,level,tags

Environment Variables:
JAVA_HOME=C:\Program Files\Android\Android Studio\jbr
CLASSPATH=D:\coolyeah\semester 4\pemrograman mobile\tugas\uas\uas_mobile\android\\gradle\wrapper\gradle-wrapper.jar
PATH=C:\Program Files\Android\Android Studio\jbr\bin;C:\Program Files (x86)\VMware\VMware Player\bin\;C:\Program Files\Common Files\Oracle\Java\javapath;C:\Program Files (x86)\Common Files\Oracle\Java\javapath;C:\WINDOWS\system32;C:\WINDOWS;C:\WINDOWS\System32\Wbem;C:\WINDOWS\System32\WindowsPowerShell\v1.0\;C:\WINDOWS\System32\OpenSSH\;C:\Program Files\Git\cmd;C:\Program Files\PuTTY\;C:\xampp\php;C:\ProgramData\ComposerSetup\bin;C:\flutter\bin;C:\Program Files\Java\jdk-22\bin;C:\Users\User\AppData\Local\Programs\Python\Python310\Scripts\;C:\Users\User\AppData\Local\Programs\Python\Python310\;C:\Users\User\AppData\Local\Microsoft\WindowsApps;C:\Users\User\AppData\Local\Programs\Microsoft VS Code\bin;C:\Program Files\JetBrains\IntelliJ IDEA Community Edition 2023.2.1\bin;;C:\Users\User\AppData\Local\GitHubDesktop\bin;C:\Users\User\AppData\Roaming\Composer\vendor\bin;;C:\flutter\bin\mingit\cmd
USERNAME=User
OS=Windows_NT
PROCESSOR_IDENTIFIER=AMD64 Family 23 Model 104 Stepping 1, AuthenticAMD
TMP=C:\Users\User\AppData\Local\Temp
TEMP=C:\Users\User\AppData\Local\Temp



Periodic native trim disabled

JNI global refs:
JNI global refs: 8, weak refs: 0

JNI global refs memory usage: 843, weak refs: 841

OOME stack traces (most recent first):
Classloader memory used:
Loader bootstrap                                                                       : 1293K
Loader org.gradle.internal.classloader.VisitableURLClassLoader                         : 360K
Loader java.net.URLClassLoader                                                         : 26124B
Loader jdk.internal.loader.ClassLoaders$AppClassLoader                                 : 18431B

Classes loaded by more than one classloader:
Class org.gradle.internal.installation.GradleInstallation                             : loaded 2 times (x 73B)
Class org.gradle.cli.ParsedCommandLine                                                : loaded 2 times (x 78B)
Class org.gradle.api.Action                                                           : loaded 2 times (x 68B)
Class org.gradle.cli.CommandLineParser$OptionString                                   : loaded 2 times (x 71B)
Class org.gradle.internal.installation.GradleInstallation$1                           : loaded 2 times (x 73B)
Class org.gradle.cli.CommandLineParser$AfterOptions                                   : loaded 2 times (x 75B)
Class org.gradle.cli.CommandLineParser$AfterFirstSubCommand                           : loaded 2 times (x 75B)
Class org.gradle.internal.service.UnknownServiceException                             : loaded 2 times (x 81B)
Class org.gradle.api.GradleException                                                  : loaded 2 times (x 80B)
Class org.gradle.api.internal.classpath.ModuleRegistry                                : loaded 2 times (x 68B)
Class org.gradle.cli.CommandLineParser$KnownOptionParserState                         : loaded 2 times (x 74B)
Class org.gradle.cli.AbstractPropertiesCommandLineConverter                           : loaded 2 times (x 81B)
Class org.gradle.api.specs.Spec                                                       : loaded 2 times (x 68B)
Class org.gradle.cli.SystemPropertiesCommandLineConverter                             : loaded 2 times (x 81B)
Class org.gradle.internal.IoActions                                                   : loaded 2 times (x 69B)
Class org.gradle.internal.installation.CurrentGradleInstallation                      : loaded 2 times (x 71B)
Class org.gradle.internal.installation.CurrentGradleInstallationLocator               : loaded 2 times (x 69B)
Class org.gradle.api.Transformer                                                      : loaded 2 times (x 68B)
Class org.gradle.cli.CommandLineParser                                                : loaded 2 times (x 77B)
Class org.gradle.cli.CommandLineParser$BeforeFirstSubCommand                          : loaded 2 times (x 75B)
Class org.gradle.cli.CommandLineOption                                                : loaded 2 times (x 84B)
Class org.gradle.cli.CommandLineParser$ParserState                                    : loaded 2 times (x 74B)
Class org.gradle.cli.CommandLineParser$MissingOptionArgState                          : loaded 2 times (x 75B)
Class org.gradle.api.UncheckedIOException                                             : loaded 2 times (x 80B)
Class org.gradle.cli.ParsedCommandLineOption                                          : loaded 2 times (x 74B)
Class org.gradle.internal.classloader.ClasspathUtil                                   : loaded 2 times (x 69B)
Class org.gradle.cli.CommandLineParser$UnknownOptionParserState                       : loaded 2 times (x 74B)
Class org.gradle.internal.service.ServiceLookupException                              : loaded 2 times (x 80B)
Class org.gradle.cli.CommandLineParser$OptionAwareParserState                         : loaded 2 times (x 75B)
Class org.gradle.cli.CommandLineParser$OptionParserState                              : loaded 2 times (x 73B)
Class org.gradle.internal.Cast                                                        : loaded 2 times (x 69B)
Class org.gradle.cli.CommandLineConverter                                             : loaded 2 times (x 68B)
Class org.gradle.cli.AbstractCommandLineConverter                                     : loaded 2 times (x 77B)
Class org.gradle.cli.CommandLineArgumentException                                     : loaded 2 times (x 80B)


---------------  S Y S T E M  ---------------

OS:
 Windows 11 , 64 bit Build 22621 (10.0.22621.3672)
OS uptime: 4 days 21:33 hours

CPU: total 8 (initial active 8) (8 cores per cpu, 2 threads per core) family 23 model 104 stepping 1 microcode 0x0, cx8, cmov, fxsr, ht, mmx, 3dnowpref, sse, sse2, sse3, ssse3, sse4a, sse4.1, sse4.2, popcnt, lzcnt, tsc, tscinvbit, avx, avx2, aes, clmul, bmi1, bmi2, adx, sha, fma, vzeroupper, clflush, clflushopt
Processor Information for all 8 processors :
  Max Mhz: 2600, Current Mhz: 1896, Mhz Limit: 2600

Memory: 4k page, system-wide physical 6005M (12M free)
TotalPageFile size 24437M (AvailPageFile size 0M)
current process WorkingSet (physical memory assigned to process): 64M, peak: 68M
current process commit charge ("private bytes"): 189M, peak: 191M

vm_info: OpenJDK 64-Bit Server VM (17.0.9+0--11185874) for windows-amd64 JRE (17.0.9+0--11185874), built on Dec  6 2023 18:57:44 by "androidbuild" with MS VC++ 16.10 / 16.11 (VS2019)

END.
